2020-07-04 09:49:15 INFO  Keywords:254 - OPENING THE GIVEN BROWSER !!!!!!!!
2020-07-04 09:49:20 INFO  Keywords:254 - NAVIGATING TO THE GIVEN URL!!!!!!!!
2020-07-04 09:49:30 INFO  Keywords:254 - ENTERINNG THE GIVEN FIELD!!!!!!!!
2020-07-04 09:49:31 INFO  Keywords:254 - ENTERINNG THE GIVEN FIELD!!!!!!!!
2020-07-04 09:49:32 INFO  Keywords:254 - CLICKING ON GIVEN FIELD!!!!!!!!
2020-07-04 09:49:33 INFO  Keywords:254 - VERIFYING THE ELEMENT TEXT !!!!!!!!
2020-07-04 09:49:35 INFO  Keywords:254 - CLOSEING THE OPENDED BROWSER !!!!!!!!
2020-07-04 09:49:38 INFO  Keywords:254 - OPENING THE GIVEN BROWSER !!!!!!!!
2020-07-04 09:49:46 INFO  Keywords:254 - NAVIGATING TO THE GIVEN URL!!!!!!!!
2020-07-04 09:50:15 INFO  Keywords:254 - ENTERINNG THE GIVEN FIELD!!!!!!!!
2020-07-04 09:50:15 INFO  Keywords:254 - ENTERINNG THE GIVEN FIELD!!!!!!!!
2020-07-04 09:50:15 INFO  Keywords:254 - CLICKING ON GIVEN FIELD!!!!!!!!
2020-07-04 09:50:16 INFO  Keywords:254 - VERIFYING THE ELEMENT TEXT !!!!!!!!
2020-07-04 09:50:17 INFO  Keywords:254 - CLICKING ON GIVEN FIELD!!!!!!!!
2020-07-04 09:50:18 INFO  Keywords:254 - WAITING FOR THE GIVEN ELEMENT PRESENT !!!!!!!!
2020-07-04 09:50:18 INFO  Keywords:254 - VERIFYING THE ELEMENT TEXT !!!!!!!!
2020-07-04 09:50:18 INFO  Keywords:254 - CLOSEING THE OPENDED BROWSER !!!!!!!!
2020-07-04 09:50:24 INFO  Keywords:254 - OPENING THE GIVEN BROWSER !!!!!!!!
2020-07-04 09:50:29 INFO  Keywords:254 - NAVIGATING TO THE GIVEN URL!!!!!!!!
2020-07-04 09:50:37 INFO  Keywords:254 - ENTERINNG THE GIVEN FIELD!!!!!!!!
2020-07-04 09:50:38 INFO  Keywords:254 - ENTERINNG THE GIVEN FIELD!!!!!!!!
2020-07-04 09:50:38 INFO  Keywords:254 - CLICKING ON GIVEN FIELD!!!!!!!!
2020-07-04 09:50:38 INFO  Keywords:254 - VERIFYING THE ELEMENT TEXT !!!!!!!!
2020-07-04 09:50:39 INFO  Keywords:254 - CLICKING ON GIVEN FIELD!!!!!!!!
2020-07-04 09:50:40 INFO  Keywords:254 - WAITING FOR THE GIVEN ELEMENT PRESENT !!!!!!!!
2020-07-04 09:50:40 INFO  Keywords:254 - VERIFYING THE ELEMENT TEXT !!!!!!!!
2020-07-04 09:50:40 INFO  Keywords:254 - CLOSEING THE OPENDED BROWSER !!!!!!!!
